[09:09:31:334] [ERROR] - com.alibaba.druid.pool.DruidDataSource$CreateConnectionThread.run(DruidDataSource.java:1651) - create connection error
java.sql.SQLRecoverableException: IO 错误: The Network Adapter could not establish the connection
	at oracle.jdbc.driver.T4CConnection.logon(T4CConnection.java:458) ~[ojdbc6-11.2.0.3.jar:11.2.0.3.0]
	at oracle.jdbc.driver.PhysicalConnection.<init>(PhysicalConnection.java:546) ~[ojdbc6-11.2.0.3.jar:11.2.0.3.0]
	at oracle.jdbc.driver.T4CConnection.<init>(T4CConnection.java:236) ~[ojdbc6-11.2.0.3.jar:11.2.0.3.0]
	at oracle.jdbc.driver.T4CDriverExtension.getConnection(T4CDriverExtension.java:32) ~[ojdbc6-11.2.0.3.jar:11.2.0.3.0]
	at oracle.jdbc.driver.OracleDriver.connect(OracleDriver.java:521) ~[ojdbc6-11.2.0.3.jar:11.2.0.3.0]
	at com.alibaba.druid.pool.DruidAbstractDataSource.createPhysicalConnection(DruidAbstractDataSource.java:1353) ~[druid-0.2.26.jar:0.2.26]
	at com.alibaba.druid.pool.DruidAbstractDataSource.createPhysicalConnection(DruidAbstractDataSource.java:1409) ~[druid-0.2.26.jar:0.2.26]
	at com.alibaba.druid.pool.DruidDataSource$CreateConnectionThread.run(DruidDataSource.java:1649) [druid-0.2.26.jar:0.2.26]
Caused by: oracle.net.ns.NetException: The Network Adapter could not establish the connection
	at oracle.net.nt.ConnStrategy.execute(ConnStrategy.java:392) ~[ojdbc6-11.2.0.3.jar:11.2.0.3.0]
	at oracle.net.resolver.AddrResolution.resolveAndExecute(AddrResolution.java:434) ~[ojdbc6-11.2.0.3.jar:11.2.0.3.0]
	at oracle.net.ns.NSProtocol.establishConnection(NSProtocol.java:687) ~[ojdbc6-11.2.0.3.jar:11.2.0.3.0]
	at oracle.net.ns.NSProtocol.connect(NSProtocol.java:247) ~[ojdbc6-11.2.0.3.jar:11.2.0.3.0]
	at oracle.jdbc.driver.T4CConnection.connect(T4CConnection.java:1102) ~[ojdbc6-11.2.0.3.jar:11.2.0.3.0]
	at oracle.jdbc.driver.T4CConnection.logon(T4CConnection.java:320) ~[ojdbc6-11.2.0.3.jar:11.2.0.3.0]
	... 7 more
Caused by: java.net.ConnectException: Connection timed out: connect
	at java.net.DualStackPlainSocketImpl.waitForConnect(Native Method) ~[?:1.8.0_05]
	at java.net.DualStackPlainSocketImpl.socketConnect(DualStackPlainSocketImpl.java:85) ~[?:1.8.0_05]
	at java.net.AbstractPlainSocketImpl.doConnect(AbstractPlainSocketImpl.java:345) ~[?:1.8.0_05]
	at java.net.AbstractPlainSocketImpl.connectToAddress(AbstractPlainSocketImpl.java:206) ~[?:1.8.0_05]
	at java.net.AbstractPlainSocketImpl.connect(AbstractPlainSocketImpl.java:188) ~[?:1.8.0_05]
	at java.net.PlainSocketImpl.connect(PlainSocketImpl.java:172) ~[?:1.8.0_05]
	at java.net.SocksSocketImpl.connect(SocksSocketImpl.java:392) ~[?:1.8.0_05]
	at java.net.Socket.connect(Socket.java:589) ~[?:1.8.0_05]
	at oracle.net.nt.TcpNTAdapter.connect(TcpNTAdapter.java:150) ~[ojdbc6-11.2.0.3.jar:11.2.0.3.0]
	at oracle.net.nt.ConnOption.connect(ConnOption.java:133) ~[ojdbc6-11.2.0.3.jar:11.2.0.3.0]
	at oracle.net.nt.ConnStrategy.execute(ConnStrategy.java:370) ~[ojdbc6-11.2.0.3.jar:11.2.0.3.0]
	at oracle.net.resolver.AddrResolution.resolveAndExecute(AddrResolution.java:434) ~[ojdbc6-11.2.0.3.jar:11.2.0.3.0]
	at oracle.net.ns.NSProtocol.establishConnection(NSProtocol.java:687) ~[ojdbc6-11.2.0.3.jar:11.2.0.3.0]
	at oracle.net.ns.NSProtocol.connect(NSProtocol.java:247) ~[ojdbc6-11.2.0.3.jar:11.2.0.3.0]
	at oracle.jdbc.driver.T4CConnection.connect(T4CConnection.java:1102) ~[ojdbc6-11.2.0.3.jar:11.2.0.3.0]
	at oracle.jdbc.driver.T4CConnection.logon(T4CConnection.java:320) ~[ojdbc6-11.2.0.3.jar:11.2.0.3.0]
	... 7 more
[09:09:52:362] [ERROR] - com.alibaba.druid.pool.DruidDataSource$CreateConnectionThread.run(DruidDataSource.java:1651) - create connection error
java.sql.SQLRecoverableException: IO 错误: The Network Adapter could not establish the connection
	at oracle.jdbc.driver.T4CConnection.logon(T4CConnection.java:458) ~[ojdbc6-11.2.0.3.jar:11.2.0.3.0]
	at oracle.jdbc.driver.PhysicalConnection.<init>(PhysicalConnection.java:546) ~[ojdbc6-11.2.0.3.jar:11.2.0.3.0]
	at oracle.jdbc.driver.T4CConnection.<init>(T4CConnection.java:236) ~[ojdbc6-11.2.0.3.jar:11.2.0.3.0]
	at oracle.jdbc.driver.T4CDriverExtension.getConnection(T4CDriverExtension.java:32) ~[ojdbc6-11.2.0.3.jar:11.2.0.3.0]
	at oracle.jdbc.driver.OracleDriver.connect(OracleDriver.java:521) ~[ojdbc6-11.2.0.3.jar:11.2.0.3.0]
	at com.alibaba.druid.pool.DruidAbstractDataSource.createPhysicalConnection(DruidAbstractDataSource.java:1353) ~[druid-0.2.26.jar:0.2.26]
	at com.alibaba.druid.pool.DruidAbstractDataSource.createPhysicalConnection(DruidAbstractDataSource.java:1409) ~[druid-0.2.26.jar:0.2.26]
	at com.alibaba.druid.pool.DruidDataSource$CreateConnectionThread.run(DruidDataSource.java:1649) [druid-0.2.26.jar:0.2.26]
Caused by: oracle.net.ns.NetException: The Network Adapter could not establish the connection
	at oracle.net.nt.ConnStrategy.execute(ConnStrategy.java:392) ~[ojdbc6-11.2.0.3.jar:11.2.0.3.0]
	at oracle.net.resolver.AddrResolution.resolveAndExecute(AddrResolution.java:434) ~[ojdbc6-11.2.0.3.jar:11.2.0.3.0]
	at oracle.net.ns.NSProtocol.establishConnection(NSProtocol.java:687) ~[ojdbc6-11.2.0.3.jar:11.2.0.3.0]
	at oracle.net.ns.NSProtocol.connect(NSProtocol.java:247) ~[ojdbc6-11.2.0.3.jar:11.2.0.3.0]
	at oracle.jdbc.driver.T4CConnection.connect(T4CConnection.java:1102) ~[ojdbc6-11.2.0.3.jar:11.2.0.3.0]
	at oracle.jdbc.driver.T4CConnection.logon(T4CConnection.java:320) ~[ojdbc6-11.2.0.3.jar:11.2.0.3.0]
	... 7 more
Caused by: java.net.ConnectException: Connection timed out: connect
	at java.net.DualStackPlainSocketImpl.waitForConnect(Native Method) ~[?:1.8.0_05]
	at java.net.DualStackPlainSocketImpl.socketConnect(DualStackPlainSocketImpl.java:85) ~[?:1.8.0_05]
	at java.net.AbstractPlainSocketImpl.doConnect(AbstractPlainSocketImpl.java:345) ~[?:1.8.0_05]
	at java.net.AbstractPlainSocketImpl.connectToAddress(AbstractPlainSocketImpl.java:206) ~[?:1.8.0_05]
	at java.net.AbstractPlainSocketImpl.connect(AbstractPlainSocketImpl.java:188) ~[?:1.8.0_05]
	at java.net.PlainSocketImpl.connect(PlainSocketImpl.java:172) ~[?:1.8.0_05]
	at java.net.SocksSocketImpl.connect(SocksSocketImpl.java:392) ~[?:1.8.0_05]
	at java.net.Socket.connect(Socket.java:589) ~[?:1.8.0_05]
	at oracle.net.nt.TcpNTAdapter.connect(TcpNTAdapter.java:150) ~[ojdbc6-11.2.0.3.jar:11.2.0.3.0]
	at oracle.net.nt.ConnOption.connect(ConnOption.java:133) ~[ojdbc6-11.2.0.3.jar:11.2.0.3.0]
	at oracle.net.nt.ConnStrategy.execute(ConnStrategy.java:370) ~[ojdbc6-11.2.0.3.jar:11.2.0.3.0]
	at oracle.net.resolver.AddrResolution.resolveAndExecute(AddrResolution.java:434) ~[ojdbc6-11.2.0.3.jar:11.2.0.3.0]
	at oracle.net.ns.NSProtocol.establishConnection(NSProtocol.java:687) ~[ojdbc6-11.2.0.3.jar:11.2.0.3.0]
	at oracle.net.ns.NSProtocol.connect(NSProtocol.java:247) ~[ojdbc6-11.2.0.3.jar:11.2.0.3.0]
	at oracle.jdbc.driver.T4CConnection.connect(T4CConnection.java:1102) ~[ojdbc6-11.2.0.3.jar:11.2.0.3.0]
	at oracle.jdbc.driver.T4CConnection.logon(T4CConnection.java:320) ~[ojdbc6-11.2.0.3.jar:11.2.0.3.0]
	... 7 more
